{"/Users/kacperkrehlik/ebiznes/Zadanie1/zadanie6/client/src/App.js": {"path":"/Users/kacperkrehlik/ebiznes/Zadanie1/zadanie6/client/src/App.js","statementMap":{"0":{"start":{"line":10,"column":26},"end":{"line":10,"column":38}},"1":{"start":{"line":12,"column":20},"end":{"line":24,"column":8}},"2":{"start":{"line":13,"column":4},"end":{"line":23,"column":7}},"3":{"start":{"line":14,"column":27},"end":{"line":14,"column":72}},"4":{"start":{"line":14,"column":49},"end":{"line":14,"column":71}},"5":{"start":{"line":15,"column":6},"end":{"line":21,"column":7}},"6":{"start":{"line":16,"column":8},"end":{"line":20,"column":10}},"7":{"start":{"line":17,"column":10},"end":{"line":19,"column":18}},"8":{"start":{"line":22,"column":6},"end":{"line":22,"column":56}},"9":{"start":{"line":26,"column":25},"end":{"line":28,"column":8}},"10":{"start":{"line":27,"column":4},"end":{"line":27,"column":72}},"11":{"start":{"line":27,"column":24},"end":{"line":27,"column":70}},"12":{"start":{"line":27,"column":48},"end":{"line":27,"column":69}},"13":{"start":{"line":30,"column":25},"end":{"line":40,"column":22}},"14":{"start":{"line":31,"column":4},"end":{"line":39,"column":5}},"15":{"start":{"line":32,"column":6},"end":{"line":32,"column":32}},"16":{"start":{"line":34,"column":6},"end":{"line":38,"column":8}},"17":{"start":{"line":35,"column":8},"end":{"line":37,"column":9}},"18":{"start":{"line":36,"column":10},"end":{"line":36,"column":62}},"19":{"start":{"line":42,"column":20},"end":{"line":44,"column":8}},"20":{"start":{"line":43,"column":4},"end":{"line":43,"column":16}},"21":{"start":{"line":46,"column":2},"end":{"line":80,"column":4}},"22":{"start":{"line":49,"column":58},"end":{"line":49,"column":77}}},"fnMap":{"0":{"name":"App","decl":{"start":{"line":9,"column":9},"end":{"line":9,"column":12}},"loc":{"start":{"line":9,"column":15},"end":{"line":81,"column":1}},"line":9},"1":{"name":"(anonymous_1)","decl":{"start":{"line":12,"column":32},"end":{"line":12,"column":33}},"loc":{"start":{"line":12,"column":45},"end":{"line":24,"column":3}},"line":12},"2":{"name":"(anonymous_2)","decl":{"start":{"line":13,"column":12},"end":{"line":13,"column":13}},"loc":{"start":{"line":13,"column":24},"end":{"line":23,"column":5}},"line":13},"3":{"name":"(anonymous_3)","decl":{"start":{"line":14,"column":41},"end":{"line":14,"column":42}},"loc":{"start":{"line":14,"column":49},"end":{"line":14,"column":71}},"line":14},"4":{"name":"(anonymous_4)","decl":{"start":{"line":16,"column":28},"end":{"line":16,"column":29}},"loc":{"start":{"line":17,"column":10},"end":{"line":19,"column":18}},"line":17},"5":{"name":"(anonymous_5)","decl":{"start":{"line":26,"column":37},"end":{"line":26,"column":38}},"loc":{"start":{"line":26,"column":52},"end":{"line":28,"column":3}},"line":26},"6":{"name":"(anonymous_6)","decl":{"start":{"line":27,"column":12},"end":{"line":27,"column":13}},"loc":{"start":{"line":27,"column":24},"end":{"line":27,"column":70}},"line":27},"7":{"name":"(anonymous_7)","decl":{"start":{"line":27,"column":40},"end":{"line":27,"column":41}},"loc":{"start":{"line":27,"column":48},"end":{"line":27,"column":69}},"line":27},"8":{"name":"(anonymous_8)","decl":{"start":{"line":30,"column":37},"end":{"line":30,"column":38}},"loc":{"start":{"line":30,"column":62},"end":{"line":40,"column":3}},"line":30},"9":{"name":"(anonymous_9)","decl":{"start":{"line":34,"column":14},"end":{"line":34,"column":15}},"loc":{"start":{"line":35,"column":8},"end":{"line":37,"column":9}},"line":35},"10":{"name":"(anonymous_10)","decl":{"start":{"line":35,"column":21},"end":{"line":35,"column":22}},"loc":{"start":{"line":36,"column":10},"end":{"line":36,"column":62}},"line":36},"11":{"name":"(anonymous_11)","decl":{"start":{"line":42,"column":32},"end":{"line":42,"column":33}},"loc":{"start":{"line":42,"column":38},"end":{"line":44,"column":3}},"line":42},"12":{"name":"(anonymous_12)","decl":{"start":{"line":49,"column":43},"end":{"line":49,"column":44}},"loc":{"start":{"line":49,"column":58},"end":{"line":49,"column":77}},"line":49}},"branchMap":{"0":{"loc":{"start":{"line":15,"column":6},"end":{"line":21,"column":7}},"type":"if","locations":[{"start":{"line":15,"column":6},"end":{"line":21,"column":7}},{"start":{},"end":{}}],"line":15},"1":{"loc":{"start":{"line":17,"column":10},"end":{"line":19,"column":18}},"type":"cond-expr","locations":[{"start":{"line":18,"column":14},"end":{"line":18,"column":54}},{"start":{"line":19,"column":14},"end":{"line":19,"column":18}}],"line":17},"2":{"loc":{"start":{"line":31,"column":4},"end":{"line":39,"column":5}},"type":"if","locations":[{"start":{"line":31,"column":4},"end":{"line":39,"column":5}},{"start":{"line":33,"column":11},"end":{"line":39,"column":5}}],"line":31},"3":{"loc":{"start":{"line":36,"column":10},"end":{"line":36,"column":62}},"type":"cond-expr","locations":[{"start":{"line":36,"column":34},"end":{"line":36,"column":55}},{"start":{"line":36,"column":58},"end":{"line":36,"column":62}}],"line":36}},"s":{"0":0,"1":0,"2":0,"3":0,"4":0,"5":0,"6":0,"7":0,"8":0,"9":0,"10":0,"11":0,"12":0,"13":0,"14":0,"15":0,"16":0,"17":0,"18":0,"19":0,"20":0,"21":0,"22":0},"f":{"0":0,"1":0,"2":0,"3":0,"4":0,"5":0,"6":0,"7":0,"8":0,"9":0,"10":0,"11":0,"12":0},"b":{"0":[0,0],"1":[0,0],"2":[0,0],"3":[0,0]}}
,"/Users/kacperkrehlik/ebiznes/Zadanie1/zadanie6/client/src/index.js": {"path":"/Users/kacperkrehlik/ebiznes/Zadanie1/zadanie6/client/src/index.js","statementMap":{"0":{"start":{"line":6,"column":13},"end":{"line":6,"column":65}},"1":{"start":{"line":7,"column":0},"end":{"line":11,"column":2}}},"fnMap":{},"branchMap":{},"s":{"0":0,"1":0},"f":{},"b":{}}
,"/Users/kacperkrehlik/ebiznes/Zadanie1/zadanie6/client/src/components/Koszyk.js": {"path":"/Users/kacperkrehlik/ebiznes/Zadanie1/zadanie6/client/src/components/Koszyk.js","statementMap":{"0":{"start":{"line":6,"column":16},"end":{"line":6,"column":82}},"1":{"start":{"line":6,"column":44},"end":{"line":6,"column":78}},"2":{"start":{"line":8,"column":2},"end":{"line":20,"column":3}},"3":{"start":{"line":9,"column":4},"end":{"line":19,"column":6}},"4":{"start":{"line":22,"column":2},"end":{"line":78,"column":4}},"5":{"start":{"line":28,"column":12},"end":{"line":58,"column":18}},"6":{"start":{"line":35,"column":39},"end":{"line":35,"column":83}},"7":{"start":{"line":41,"column":35},"end":{"line":41,"column":91}},"8":{"start":{"line":44,"column":39},"end":{"line":44,"column":83}},"9":{"start":{"line":54,"column":31},"end":{"line":54,"column":48}}},"fnMap":{"0":{"name":"Koszyk","decl":{"start":{"line":5,"column":9},"end":{"line":5,"column":15}},"loc":{"start":{"line":5,"column":64},"end":{"line":79,"column":1}},"line":5},"1":{"name":"(anonymous_1)","decl":{"start":{"line":6,"column":29},"end":{"line":6,"column":30}},"loc":{"start":{"line":6,"column":44},"end":{"line":6,"column":78}},"line":6},"2":{"name":"(anonymous_2)","decl":{"start":{"line":27,"column":21},"end":{"line":27,"column":22}},"loc":{"start":{"line":28,"column":12},"end":{"line":58,"column":18}},"line":28},"3":{"name":"(anonymous_3)","decl":{"start":{"line":35,"column":33},"end":{"line":35,"column":34}},"loc":{"start":{"line":35,"column":39},"end":{"line":35,"column":83}},"line":35},"4":{"name":"(anonymous_4)","decl":{"start":{"line":41,"column":28},"end":{"line":41,"column":29}},"loc":{"start":{"line":41,"column":35},"end":{"line":41,"column":91}},"line":41},"5":{"name":"(anonymous_5)","decl":{"start":{"line":44,"column":33},"end":{"line":44,"column":34}},"loc":{"start":{"line":44,"column":39},"end":{"line":44,"column":83}},"line":44},"6":{"name":"(anonymous_6)","decl":{"start":{"line":54,"column":25},"end":{"line":54,"column":26}},"loc":{"start":{"line":54,"column":31},"end":{"line":54,"column":48}},"line":54}},"branchMap":{"0":{"loc":{"start":{"line":8,"column":2},"end":{"line":20,"column":3}},"type":"if","locations":[{"start":{"line":8,"column":2},"end":{"line":20,"column":3}},{"start":{},"end":{}}],"line":8},"1":{"loc":{"start":{"line":41,"column":61},"end":{"line":41,"column":90}},"type":"binary-expr","locations":[{"start":{"line":41,"column":61},"end":{"line":41,"column":85}},{"start":{"line":41,"column":89},"end":{"line":41,"column":90}}],"line":41}},"s":{"0":3,"1":2,"2":3,"3":1,"4":2,"5":2,"6":0,"7":0,"8":0,"9":0},"f":{"0":3,"1":2,"2":2,"3":0,"4":0,"5":0,"6":0},"b":{"0":[1,2],"1":[0,0]},"_coverageSchema":"1a1c01bbd47fc00a2c39e90264f33305004495a9","hash":"7792af2bb1bd44ed10943bd0b992eaed26533b32"}
,"/Users/kacperkrehlik/ebiznes/Zadanie1/zadanie6/client/src/components/Navigation.js": {"path":"/Users/kacperkrehlik/ebiznes/Zadanie1/zadanie6/client/src/components/Navigation.js","statementMap":{"0":{"start":{"line":6,"column":2},"end":{"line":31,"column":4}}},"fnMap":{"0":{"name":"Navigation","decl":{"start":{"line":5,"column":9},"end":{"line":5,"column":19}},"loc":{"start":{"line":5,"column":35},"end":{"line":32,"column":1}},"line":5}},"branchMap":{},"s":{"0":0},"f":{"0":0},"b":{}}
,"/Users/kacperkrehlik/ebiznes/Zadanie1/zadanie6/client/src/components/Platnosci.js": {"path":"/Users/kacperkrehlik/ebiznes/Zadanie1/zadanie6/client/src/components/Platnosci.js","statementMap":{"0":{"start":{"line":7,"column":19},"end":{"line":7,"column":32}},"1":{"start":{"line":8,"column":32},"end":{"line":8,"column":47}},"2":{"start":{"line":9,"column":28},"end":{"line":9,"column":42}},"3":{"start":{"line":10,"column":32},"end":{"line":10,"column":47}},"4":{"start":{"line":11,"column":34},"end":{"line":18,"column":4}},"5":{"start":{"line":20,"column":16},"end":{"line":20,"column":86}},"6":{"start":{"line":20,"column":48},"end":{"line":20,"column":82}},"7":{"start":{"line":22,"column":23},"end":{"line":28,"column":3}},"8":{"start":{"line":23,"column":28},"end":{"line":23,"column":36}},"9":{"start":{"line":24,"column":4},"end":{"line":27,"column":8}},"10":{"start":{"line":24,"column":25},"end":{"line":27,"column":5}},"11":{"start":{"line":30,"column":23},"end":{"line":38,"column":3}},"12":{"start":{"line":31,"column":4},"end":{"line":31,"column":64}},"13":{"start":{"line":31,"column":36},"end":{"line":31,"column":64}},"14":{"start":{"line":32,"column":4},"end":{"line":32,"column":67}},"15":{"start":{"line":32,"column":35},"end":{"line":32,"column":67}},"16":{"start":{"line":33,"column":4},"end":{"line":33,"column":68}},"17":{"start":{"line":33,"column":39},"end":{"line":33,"column":68}},"18":{"start":{"line":34,"column":4},"end":{"line":34,"column":82}},"19":{"start":{"line":34,"column":43},"end":{"line":34,"column":82}},"20":{"start":{"line":35,"column":4},"end":{"line":35,"column":103}},"21":{"start":{"line":35,"column":54},"end":{"line":35,"column":103}},"22":{"start":{"line":36,"column":4},"end":{"line":36,"column":66}},"23":{"start":{"line":36,"column":35},"end":{"line":36,"column":66}},"24":{"start":{"line":37,"column":4},"end":{"line":37,"column":16}},"25":{"start":{"line":40,"column":23},"end":{"line":98,"column":3}},"26":{"start":{"line":41,"column":4},"end":{"line":41,"column":23}},"27":{"start":{"line":43,"column":28},"end":{"line":43,"column":42}},"28":{"start":{"line":44,"column":4},"end":{"line":47,"column":5}},"29":{"start":{"line":45,"column":6},"end":{"line":45,"column":32}},"30":{"start":{"line":46,"column":6},"end":{"line":46,"column":13}},"31":{"start":{"line":49,"column":4},"end":{"line":97,"column":5}},"32":{"start":{"line":50,"column":6},"end":{"line":50,"column":23}},"33":{"start":{"line":51,"column":6},"end":{"line":51,"column":21}},"34":{"start":{"line":53,"column":26},"end":{"line":71,"column":7}},"35":{"start":{"line":64,"column":38},"end":{"line":69,"column":9}},"36":{"start":{"line":73,"column":6},"end":{"line":73,"column":74}},"37":{"start":{"line":75,"column":6},"end":{"line":75,"column":23}},"38":{"start":{"line":76,"column":6},"end":{"line":83,"column":9}},"39":{"start":{"line":87,"column":6},"end":{"line":91,"column":15}},"40":{"start":{"line":88,"column":8},"end":{"line":88,"column":27}},"41":{"start":{"line":90,"column":8},"end":{"line":90,"column":22}},"42":{"start":{"line":93,"column":6},"end":{"line":93,"column":74}},"43":{"start":{"line":94,"column":6},"end":{"line":94,"column":44}},"44":{"start":{"line":96,"column":6},"end":{"line":96,"column":24}},"45":{"start":{"line":100,"column":2},"end":{"line":112,"column":3}},"46":{"start":{"line":101,"column":4},"end":{"line":111,"column":6}},"47":{"start":{"line":106,"column":33},"end":{"line":106,"column":46}},"48":{"start":{"line":114,"column":2},"end":{"line":238,"column":4}},"49":{"start":{"line":219,"column":18},"end":{"line":222,"column":24}}},"fnMap":{"0":{"name":"Platnosci","decl":{"start":{"line":6,"column":9},"end":{"line":6,"column":18}},"loc":{"start":{"line":6,"column":52},"end":{"line":239,"column":1}},"line":6},"1":{"name":"(anonymous_1)","decl":{"start":{"line":20,"column":33},"end":{"line":20,"column":34}},"loc":{"start":{"line":20,"column":48},"end":{"line":20,"column":82}},"line":20},"2":{"name":"(anonymous_2)","decl":{"start":{"line":22,"column":23},"end":{"line":22,"column":24}},"loc":{"start":{"line":22,"column":30},"end":{"line":28,"column":3}},"line":22},"3":{"name":"(anonymous_3)","decl":{"start":{"line":24,"column":16},"end":{"line":24,"column":17}},"loc":{"start":{"line":24,"column":25},"end":{"line":27,"column":5}},"line":24},"4":{"name":"(anonymous_4)","decl":{"start":{"line":30,"column":23},"end":{"line":30,"column":24}},"loc":{"start":{"line":30,"column":29},"end":{"line":38,"column":3}},"line":30},"5":{"name":"(anonymous_5)","decl":{"start":{"line":40,"column":23},"end":{"line":40,"column":24}},"loc":{"start":{"line":40,"column":36},"end":{"line":98,"column":3}},"line":40},"6":{"name":"(anonymous_6)","decl":{"start":{"line":64,"column":29},"end":{"line":64,"column":30}},"loc":{"start":{"line":64,"column":38},"end":{"line":69,"column":9}},"line":64},"7":{"name":"(anonymous_7)","decl":{"start":{"line":87,"column":17},"end":{"line":87,"column":18}},"loc":{"start":{"line":87,"column":23},"end":{"line":91,"column":7}},"line":87},"8":{"name":"(anonymous_8)","decl":{"start":{"line":106,"column":27},"end":{"line":106,"column":28}},"loc":{"start":{"line":106,"column":33},"end":{"line":106,"column":46}},"line":106},"9":{"name":"(anonymous_9)","decl":{"start":{"line":218,"column":31},"end":{"line":218,"column":32}},"loc":{"start":{"line":219,"column":18},"end":{"line":222,"column":24}},"line":219}},"branchMap":{"0":{"loc":{"start":{"line":31,"column":4},"end":{"line":31,"column":64}},"type":"if","locations":[{"start":{"line":31,"column":4},"end":{"line":31,"column":64}},{"start":{},"end":{}}],"line":31},"1":{"loc":{"start":{"line":32,"column":4},"end":{"line":32,"column":67}},"type":"if","locations":[{"start":{"line":32,"column":4},"end":{"line":32,"column":67}},{"start":{},"end":{}}],"line":32},"2":{"loc":{"start":{"line":33,"column":4},"end":{"line":33,"column":68}},"type":"if","locations":[{"start":{"line":33,"column":4},"end":{"line":33,"column":68}},{"start":{},"end":{}}],"line":33},"3":{"loc":{"start":{"line":34,"column":4},"end":{"line":34,"column":82}},"type":"if","locations":[{"start":{"line":34,"column":4},"end":{"line":34,"column":82}},{"start":{},"end":{}}],"line":34},"4":{"loc":{"start":{"line":35,"column":4},"end":{"line":35,"column":103}},"type":"if","locations":[{"start":{"line":35,"column":4},"end":{"line":35,"column":103}},{"start":{},"end":{}}],"line":35},"5":{"loc":{"start":{"line":36,"column":4},"end":{"line":36,"column":66}},"type":"if","locations":[{"start":{"line":36,"column":4},"end":{"line":36,"column":66}},{"start":{},"end":{}}],"line":36},"6":{"loc":{"start":{"line":44,"column":4},"end":{"line":47,"column":5}},"type":"if","locations":[{"start":{"line":44,"column":4},"end":{"line":47,"column":5}},{"start":{},"end":{}}],"line":44},"7":{"loc":{"start":{"line":100,"column":2},"end":{"line":112,"column":3}},"type":"if","locations":[{"start":{"line":100,"column":2},"end":{"line":112,"column":3}},{"start":{},"end":{}}],"line":100},"8":{"loc":{"start":{"line":117,"column":7},"end":{"line":236,"column":7}},"type":"cond-expr","locations":[{"start":{"line":118,"column":8},"end":{"line":121,"column":14}},{"start":{"line":123,"column":8},"end":{"line":235,"column":14}}],"line":117},"9":{"loc":{"start":{"line":209,"column":13},"end":{"line":213,"column":13}},"type":"binary-expr","locations":[{"start":{"line":209,"column":13},"end":{"line":209,"column":18}},{"start":{"line":210,"column":14},"end":{"line":212,"column":20}}],"line":209},"10":{"loc":{"start":{"line":232,"column":15},"end":{"line":232,"column":77}},"type":"cond-expr","locations":[{"start":{"line":232,"column":25},"end":{"line":232,"column":43}},{"start":{"line":232,"column":46},"end":{"line":232,"column":77}}],"line":232}},"s":{"0":4,"1":4,"2":4,"3":4,"4":4,"5":4,"6":3,"7":4,"8":0,"9":0,"10":0,"11":4,"12":0,"13":0,"14":0,"15":0,"16":0,"17":0,"18":0,"19":0,"20":0,"21":0,"22":0,"23":0,"24":0,"25":4,"26":0,"27":0,"28":0,"29":0,"30":0,"31":0,"32":0,"33":0,"34":0,"35":0,"36":0,"37":0,"38":0,"39":0,"40":0,"41":0,"42":0,"43":0,"44":0,"45":4,"46":1,"47":0,"48":3,"49":3},"f":{"0":4,"1":3,"2":0,"3":0,"4":0,"5":0,"6":0,"7":0,"8":0,"9":3},"b":{"0":[0,0],"1":[0,0],"2":[0,0],"3":[0,0],"4":[0,0],"5":[0,0],"6":[0,0],"7":[1,3],"8":[0,3],"9":[3,0],"10":[0,3]},"_coverageSchema":"1a1c01bbd47fc00a2c39e90264f33305004495a9","hash":"f2337644e5abe4fbfc5ea0c3ef15e430e1f6c789"}
,"/Users/kacperkrehlik/ebiznes/Zadanie1/zadanie6/client/src/components/Produkty.js": {"path":"/Users/kacperkrehlik/ebiznes/Zadanie1/zadanie6/client/src/components/Produkty.js","statementMap":{"0":{"start":{"line":6,"column":34},"end":{"line":6,"column":46}},"1":{"start":{"line":7,"column":32},"end":{"line":7,"column":46}},"2":{"start":{"line":8,"column":28},"end":{"line":8,"column":42}},"3":{"start":{"line":10,"column":2},"end":{"line":12,"column":9}},"4":{"start":{"line":11,"column":4},"end":{"line":11,"column":20}},"5":{"start":{"line":14,"column":24},"end":{"line":26,"column":3}},"6":{"start":{"line":15,"column":4},"end":{"line":25,"column":5}},"7":{"start":{"line":16,"column":6},"end":{"line":16,"column":23}},"8":{"start":{"line":17,"column":23},"end":{"line":17,"column":76}},"9":{"start":{"line":18,"column":6},"end":{"line":18,"column":33}},"10":{"start":{"line":19,"column":6},"end":{"line":19,"column":21}},"11":{"start":{"line":21,"column":6},"end":{"line":21,"column":91}},"12":{"start":{"line":22,"column":6},"end":{"line":22,"column":63}},"13":{"start":{"line":24,"column":6},"end":{"line":24,"column":24}},"14":{"start":{"line":28,"column":2},"end":{"line":30,"column":3}},"15":{"start":{"line":29,"column":4},"end":{"line":29,"column":83}},"16":{"start":{"line":32,"column":2},"end":{"line":39,"column":3}},"17":{"start":{"line":33,"column":4},"end":{"line":38,"column":6}},"18":{"start":{"line":41,"column":2},"end":{"line":68,"column":4}},"19":{"start":{"line":49,"column":12},"end":{"line":63,"column":18}},"20":{"start":{"line":58,"column":33},"end":{"line":58,"column":53}}},"fnMap":{"0":{"name":"Produkty","decl":{"start":{"line":5,"column":9},"end":{"line":5,"column":17}},"loc":{"start":{"line":5,"column":35},"end":{"line":69,"column":1}},"line":5},"1":{"name":"(anonymous_1)","decl":{"start":{"line":10,"column":12},"end":{"line":10,"column":13}},"loc":{"start":{"line":10,"column":18},"end":{"line":12,"column":3}},"line":10},"2":{"name":"(anonymous_2)","decl":{"start":{"line":14,"column":24},"end":{"line":14,"column":25}},"loc":{"start":{"line":14,"column":36},"end":{"line":26,"column":3}},"line":14},"3":{"name":"(anonymous_3)","decl":{"start":{"line":48,"column":24},"end":{"line":48,"column":25}},"loc":{"start":{"line":49,"column":12},"end":{"line":63,"column":18}},"line":49},"4":{"name":"(anonymous_4)","decl":{"start":{"line":58,"column":27},"end":{"line":58,"column":28}},"loc":{"start":{"line":58,"column":33},"end":{"line":58,"column":53}},"line":58}},"branchMap":{"0":{"loc":{"start":{"line":28,"column":2},"end":{"line":30,"column":3}},"type":"if","locations":[{"start":{"line":28,"column":2},"end":{"line":30,"column":3}},{"start":{},"end":{}}],"line":28},"1":{"loc":{"start":{"line":32,"column":2},"end":{"line":39,"column":3}},"type":"if","locations":[{"start":{"line":32,"column":2},"end":{"line":39,"column":3}},{"start":{},"end":{}}],"line":32},"2":{"loc":{"start":{"line":44,"column":7},"end":{"line":66,"column":7}},"type":"cond-expr","locations":[{"start":{"line":45,"column":8},"end":{"line":45,"column":45}},{"start":{"line":47,"column":8},"end":{"line":65,"column":14}}],"line":44}},"s":{"0":9,"1":9,"2":9,"3":9,"4":5,"5":9,"6":5,"7":5,"8":5,"9":3,"10":3,"11":1,"12":1,"13":4,"14":9,"15":5,"16":4,"17":1,"18":3,"19":3,"20":0},"f":{"0":9,"1":5,"2":5,"3":3,"4":0},"b":{"0":[5,4],"1":[1,3],"2":[0,3]},"_coverageSchema":"1a1c01bbd47fc00a2c39e90264f33305004495a9","hash":"924a0fd02029ec9e9f3f9bac7612047e97ad3445"}
}
