TN:
SF:src/App.js
FN:9,App
FN:12,(anonymous_1)
FN:13,(anonymous_2)
FN:14,(anonymous_3)
FN:16,(anonymous_4)
FN:26,(anonymous_5)
FN:27,(anonymous_6)
FN:27,(anonymous_7)
FN:30,(anonymous_8)
FN:34,(anonymous_9)
FN:35,(anonymous_10)
FN:42,(anonymous_11)
FN:49,(anonymous_12)
FNF:13
FNH:0
FNDA:0,App
FNDA:0,(anonymous_1)
FNDA:0,(anonymous_2)
FNDA:0,(anonymous_3)
FNDA:0,(anonymous_4)
FNDA:0,(anonymous_5)
FNDA:0,(anonymous_6)
FNDA:0,(anonymous_7)
FNDA:0,(anonymous_8)
FNDA:0,(anonymous_9)
FNDA:0,(anonymous_10)
FNDA:0,(anonymous_11)
FNDA:0,(anonymous_12)
DA:10,0
DA:12,0
DA:13,0
DA:14,0
DA:15,0
DA:16,0
DA:17,0
DA:22,0
DA:26,0
DA:27,0
DA:30,0
DA:31,0
DA:32,0
DA:34,0
DA:35,0
DA:36,0
DA:42,0
DA:43,0
DA:46,0
DA:49,0
LF:20
LH:0
BRDA:15,0,0,0
BRDA:15,0,1,0
BRDA:17,1,0,0
BRDA:17,1,1,0
BRDA:31,2,0,0
BRDA:31,2,1,0
BRDA:36,3,0,0
BRDA:36,3,1,0
BRF:8
BRH:0
end_of_record
TN:
SF:src/index.js
FNF:0
FNH:0
DA:6,0
DA:7,0
LF:2
LH:0
BRF:0
BRH:0
end_of_record
TN:
SF:src/components/Koszyk.js
FN:5,Koszyk
FN:6,(anonymous_1)
FN:27,(anonymous_2)
FN:35,(anonymous_3)
FN:41,(anonymous_4)
FN:44,(anonymous_5)
FN:54,(anonymous_6)
FNF:7
FNH:3
FNDA:3,Koszyk
FNDA:2,(anonymous_1)
FNDA:2,(anonymous_2)
FNDA:0,(anonymous_3)
FNDA:0,(anonymous_4)
FNDA:0,(anonymous_5)
FNDA:0,(anonymous_6)
DA:6,3
DA:8,3
DA:9,1
DA:22,2
DA:28,2
DA:35,0
DA:41,0
DA:44,0
DA:54,0
LF:9
LH:5
BRDA:8,0,0,1
BRDA:8,0,1,2
BRDA:41,1,0,0
BRDA:41,1,1,0
BRF:4
BRH:2
end_of_record
TN:
SF:src/components/Navigation.js
FN:5,Navigation
FNF:1
FNH:0
FNDA:0,Navigation
DA:6,0
LF:1
LH:0
BRF:0
BRH:0
end_of_record
TN:
SF:src/components/Platnosci.js
FN:6,Platnosci
FN:20,(anonymous_1)
FN:22,(anonymous_2)
FN:24,(anonymous_3)
FN:30,(anonymous_4)
FN:40,(anonymous_5)
FN:64,(anonymous_6)
FN:87,(anonymous_7)
FN:106,(anonymous_8)
FN:218,(anonymous_9)
FNF:10
FNH:3
FNDA:4,Platnosci
FNDA:3,(anonymous_1)
FNDA:0,(anonymous_2)
FNDA:0,(anonymous_3)
FNDA:0,(anonymous_4)
FNDA:0,(anonymous_5)
FNDA:0,(anonymous_6)
FNDA:0,(anonymous_7)
FNDA:0,(anonymous_8)
FNDA:3,(anonymous_9)
DA:7,4
DA:8,4
DA:9,4
DA:10,4
DA:11,4
DA:20,4
DA:22,4
DA:23,0
DA:24,0
DA:30,4
DA:31,0
DA:32,0
DA:33,0
DA:34,0
DA:35,0
DA:36,0
DA:37,0
DA:40,4
DA:41,0
DA:43,0
DA:44,0
DA:45,0
DA:46,0
DA:49,0
DA:50,0
DA:51,0
DA:53,0
DA:64,0
DA:73,0
DA:75,0
DA:76,0
DA:87,0
DA:88,0
DA:90,0
DA:93,0
DA:94,0
DA:96,0
DA:100,4
DA:101,1
DA:106,0
DA:114,3
DA:219,3
LF:42
LH:13
BRDA:31,0,0,0
BRDA:31,0,1,0
BRDA:32,1,0,0
BRDA:32,1,1,0
BRDA:33,2,0,0
BRDA:33,2,1,0
BRDA:34,3,0,0
BRDA:34,3,1,0
BRDA:35,4,0,0
BRDA:35,4,1,0
BRDA:36,5,0,0
BRDA:36,5,1,0
BRDA:44,6,0,0
BRDA:44,6,1,0
BRDA:100,7,0,1
BRDA:100,7,1,3
BRDA:117,8,0,0
BRDA:117,8,1,3
BRDA:209,9,0,3
BRDA:209,9,1,0
BRDA:232,10,0,0
BRDA:232,10,1,3
BRF:22
BRH:5
end_of_record
TN:
SF:src/components/Produkty.js
FN:5,Produkty
FN:10,(anonymous_1)
FN:14,(anonymous_2)
FN:48,(anonymous_3)
FN:58,(anonymous_4)
FNF:5
FNH:4
FNDA:9,Produkty
FNDA:5,(anonymous_1)
FNDA:5,(anonymous_2)
FNDA:3,(anonymous_3)
FNDA:0,(anonymous_4)
DA:6,9
DA:7,9
DA:8,9
DA:10,9
DA:11,5
DA:14,9
DA:15,5
DA:16,5
DA:17,5
DA:18,3
DA:19,3
DA:21,1
DA:22,1
DA:24,4
DA:28,9
DA:29,5
DA:32,4
DA:33,1
DA:41,3
DA:49,3
DA:58,0
LF:21
LH:20
BRDA:28,0,0,5
BRDA:28,0,1,4
BRDA:32,1,0,1
BRDA:32,1,1,3
BRDA:44,2,0,0
BRDA:44,2,1,3
BRF:6
BRH:5
end_of_record
